Fetching 15 files:   0%|          | 0/15 [00:00<?, ?it/s]Error while downloading from https://cdn-lfs.hf.co/repos/97/9c/979ce47355faa5c7b111c52bb948ff5159a425b5001ac28b0cf729e7b656814a/61c65a110ea6889876787b38160158204fdbc8b654e169de1fb41c214d95a661?response-content-disposition=inline%3B+filename*%3DUTF-8%27%27model-00001-of-00015.safetensors%3B+filename%3D%22model-00001-of-00015.safetensors%22%3B&Expires=1744978340&Policy=eyJTdGF0ZW1lbnQiOlt7IkNvbmRpdGlvbiI6eyJEYXRlTGVzc1RoYW4iOnsiQVdTOkVwb2NoVGltZSI6MTc0NDk3ODM0MH19LCJSZXNvdXJjZSI6Imh0dHBzOi8vY2RuLWxmcy5oZi5jby9yZXBvcy85Ny85Yy85NzljZTQ3MzU1ZmFhNWM3YjExMWM1MmJiOTQ4ZmY1MTU5YTQyNWI1MDAxYWMyOGIwY2Y3MjllN2I2NTY4MTRhLzYxYzY1YTExMGVhNjg4OTg3Njc4N2IzODE2MDE1ODIwNGZkYmM4YjY1NGUxNjlkZTFmYjQxYzIxNGQ5NWE2NjE%7EcmVzcG9uc2UtY29udGVudC1kaXNwb3NpdGlvbj0qIn1dfQ__&Signature=FmzypSUc9DJztv5eMRf8advFuze-ZdKfTSsTqmYEdeS-lDJnqRUvORVd1yGPoX3Ks%7EYO4BpIYaEx51fLP2wVaAAI4iFFbHXhPdz%7ETVQupXwLNT5TOmPrKO4XPAncHSZgbh2vw3Izqzb9ufigl5z-5NpwAuJVQMrGoUNXE9dJ92lY8RJHJThFMRahv4yPIwUlSNdO7LfAnsD29nJiB1JyKvYmYk0zoKqDTKe%7EpW4SHfME7xmANSLr0pw7fvP6WiqWmxbFKAxB8e2bdWVXLT2UUMEKEQyC9H%7ELV2gTnFfk-e9AbzyVqAP1pOTVUr5Bt9o1zctbTRMz0%7E8ytk7-Wt7aWg__&Key-Pair-Id=K3RPWS32NSSJCE: HTTPSConnectionPool(host='cdn-lfs.hf.co', port=443): Read timed out.
Trying to resume download...
Fetching 15 files:   7%|▋         | 1/15 [1:44:47<24:27:09, 6287.85s/it]Fetching 15 files:  33%|███▎      | 5/15 [1:45:44<2:38:05, 948.53s/it]  Fetching 15 files:  47%|████▋     | 7/15 [1:46:30<1:19:49, 598.71s/it]Fetching 15 files:  67%|██████▋   | 10/15 [1:54:25<33:27, 401.49s/it] Fetching 15 files:  87%|████████▋ | 13/15 [1:54:48<08:15, 248.00s/it]Fetching 15 files:  93%|█████████▎| 14/15 [2:05:41<05:11, 311.30s/it]Fetching 15 files: 100%|██████████| 15/15 [2:05:41<00:00, 502.74s/it]
Loading checkpoint shards:   0%|          | 0/15 [00:00<?, ?it/s]Loading checkpoint shards:   7%|▋         | 1/15 [00:02<00:37,  2.69s/it]Loading checkpoint shards:  13%|█▎        | 2/15 [00:05<00:35,  2.71s/it]Loading checkpoint shards:  20%|██        | 3/15 [00:07<00:30,  2.55s/it]Loading checkpoint shards:  27%|██▋       | 4/15 [00:10<00:28,  2.55s/it]Loading checkpoint shards:  33%|███▎      | 5/15 [00:12<00:24,  2.49s/it]Loading checkpoint shards:  40%|████      | 6/15 [00:15<00:24,  2.72s/it]Loading checkpoint shards:  47%|████▋     | 7/15 [00:18<00:21,  2.75s/it]Loading checkpoint shards:  53%|█████▎    | 8/15 [00:21<00:18,  2.71s/it]Loading checkpoint shards:  60%|██████    | 9/15 [00:23<00:15,  2.61s/it]Loading checkpoint shards:  67%|██████▋   | 10/15 [00:26<00:13,  2.67s/it]Loading checkpoint shards:  67%|██████▋   | 10/15 [00:28<00:14,  2.88s/it]
Traceback (most recent call last):
  File "/home/bingxing2/ailab/wangkuncan/soft/l1/IntegratedCode.py", line 79, in <module>
    model = AutoModelForCausalLM.from_pretrained(model_name_or_path)  # 加载预训练模型
  File "/home/bingxing2/ailab/wangkuncan/.conda/envs/setup/lib/python3.10/site-packages/transformers/models/auto/auto_factory.py", line 571, in from_pretrained
    return model_class.from_pretrained(
  File "/home/bingxing2/ailab/wangkuncan/.conda/envs/setup/lib/python3.10/site-packages/transformers/modeling_utils.py", line 279, in _wrapper
    return func(*args, **kwargs)
  File "/home/bingxing2/ailab/wangkuncan/.conda/envs/setup/lib/python3.10/site-packages/transformers/modeling_utils.py", line 4399, in from_pretrained
    ) = cls._load_pretrained_model(
  File "/home/bingxing2/ailab/wangkuncan/.conda/envs/setup/lib/python3.10/site-packages/transformers/modeling_utils.py", line 4833, in _load_pretrained_model
    disk_offload_index, cpu_offload_index = _load_state_dict_into_meta_model(
  File "/home/bingxing2/ailab/wangkuncan/.conda/envs/setup/lib/python3.10/site-packages/torch/utils/_contextlib.py", line 116, in decorate_context
    return func(*args, **kwargs)
  File "/home/bingxing2/ailab/wangkuncan/.conda/envs/setup/lib/python3.10/site-packages/transformers/modeling_utils.py", line 789, in _load_state_dict_into_meta_model
    param = param.to(casting_dtype)
RuntimeError: [enforce fail at alloc_cpu.cpp:117] err == 0. DefaultCPUAllocator: can't allocate memory: you tried to allocate 939524096 bytes. Error code 12 (Cannot allocate memory)
